[INFO] Console - predicting pockets for proteins from dataset [structure.pdb]
[INFO] PredictPocketsRoutine - outdir: /data/prankweb/predictions/v4-user-upload/2026-07-03-20-34-15-971B787E-8385-4E9A-85C5-963C2ECFA50D/working/p2rank-output
[INFO] Model - Loading model from directory (v3 format): /opt/p2rank/models/default
[INFO] FeatureSetup - enabledFeatures: [chem, volsite, protrusion, bfactor, atom_table]
[INFO] Dataset - processing dataset [structure.pdb] using 1 thread
[INFO] Dataset - 
------------------------------------------------------------------------------------------------------------------------
processing [structure.pdb] (1/1)
------------------------------------------------------------------------------------------------------------------------

[INFO] Console - processing [structure.pdb] (1/1)
[INFO] Protein - loading protein [/data/prankweb/predictions/v4-user-upload/2026-07-03-20-34-15-971B787E-8385-4E9A-85C5-963C2ECFA50D/working/p2rank-input/structure.pdb]
[INFO] PdbUtils - loading file [/data/prankweb/predictions/v4-user-upload/2026-07-03-20-34-15-971B787E-8385-4E9A-85C5-963C2ECFA50D/working/p2rank-input/structure.pdb]
[INFO] Struct - all groups in chain A: 600
[INFO] Struct - all groups in chain A: 600
[INFO] Struct - 600 groups in chain A
[INFO] Protein - structure atoms: 4742
[INFO] Protein - protein   atoms: 4642
[INFO] Protein - ignoring ligands
[INFO] FeatureSetup - enabledFeatures: [chem, volsite, protrusion, bfactor, atom_table]
[INFO] Protein - SAS points: 10353
[INFO] Protein - exposed protein atoms: 3417 of 4642
[INFO] SLinkClusterer - clustering [148] elements
[INFO] SLinkClusterer - clusters: [id:1( 2 ), id:4( 1 ), id:6( 2 ), id:7( 1 ), id:16( 1 ), id:28( 1 ), id:34( 1 ), id:38( 2 ), id:56( 40 ), id:66( 2 ), id:74( 12 ), id:77( 8 ), id:82( 2 ), id:85( 4 ), id:92( 1 ), id:106( 6 ), id:107( 2 ), id:113( 18 ), id:123( 1 ), id:126( 2 ), id:135( 38 ), id:147( 1 )]
[INFO] SLinkClusterer - clusters together: 148 / 148
[INFO] PocketPredictor - PREDICTING POCKETS.... ====================================
[INFO] PocketPredictor - SAS POINTS: 10353
[INFO] PocketPredictor - LIGANDABLE POINTS: 148
[INFO] PocketPredictor - CLUSTERS: 22
[INFO] PocketPredictor - FILTERED CLUSTERS: 7
[INFO] PocketPredictor - pocket 1 -  surf_atoms:  59   points:  40   score:   16.9
[INFO] PocketPredictor - pocket 2 -  surf_atoms:  42   points:  38   score:   14.6
[INFO] PocketPredictor - pocket 3 -  surf_atoms:  26   points:  18   score:    6.0
[INFO] PocketPredictor - pocket 4 -  surf_atoms:  26   points:   8   score:    4.1
[INFO] PocketPredictor - pocket 5 -  surf_atoms:  19   points:  12   score:    3.4
[INFO] PocketPredictor - pocket 6 -  surf_atoms:  17   points:   6   score:    3.1
[INFO] PocketPredictor - pocket 7 -  surf_atoms:  11   points:   4   score:    2.2
[INFO] PredictionVisualizer - copying [/data/prankweb/predictions/v4-user-upload/2026-07-03-20-34-15-971B787E-8385-4E9A-85C5-963C2ECFA50D/working/p2rank-input/structure.pdb] to [/data/prankweb/predictions/v4-user-upload/2026-07-03-20-34-15-971B787E-8385-4E9A-85C5-963C2ECFA50D/working/p2rank-output/visualizations/data/structure.pdb]
[INFO] Console - predicting pockets finished in 0 hours 0 minutes 3.518 seconds
[INFO] Console - results saved to directory [/data/prankweb/predictions/v4-user-upload/2026-07-03-20-34-15-971B787E-8385-4E9A-85C5-963C2ECFA50D/working/p2rank-output]
[INFO] Console - 
[INFO] Console - Finished successfully in 0 hours 0 minutes 4.582 seconds.
